<?xml version="1.0" encoding="UTF-8"?>
<testng-results ignored="0" total="3" passed="3" failed="0" skipped="0">
  <reporter-output>
  </reporter-output>
  <suite started-at="2023-03-30T16:54:15 IST" name="mytestsuite" finished-at="2023-03-30T16:54:15 IST" duration-ms="89">
    <groups>
    </groups>
    <test started-at="2023-03-30T16:54:15 IST" name="suite_example" finished-at="2023-03-30T16:54:15 IST" duration-ms="89">
      <class name="com.ust.test.ThirdTest">
        <test-method is-config="true" signature="beforeTest()[pri:0, instance:com.ust.test.ThirdTest@49d904ec]" started-at="2023-03-30T16:54:15 IST" name="beforeTest" finished-at="2023-03-30T16:54:15 IST" duration-ms="4" status="PASS">
          <reporter-output>
          </reporter-output>
        </test-method> <!-- beforeTest -->
        <test-method signature="f()[pri:0, instance:com.ust.test.ThirdTest@49d904ec]" started-at="2023-03-30T16:54:15 IST" name="f" finished-at="2023-03-30T16:54:15 IST" duration-ms="2" status="PASS">
          <reporter-output>
          </reporter-output>
        </test-method> <!-- f -->
        <test-method is-config="true" signature="afterTest()[pri:0, instance:com.ust.test.ThirdTest@49d904ec]" started-at="2023-03-30T16:54:15 IST" name="afterTest" finished-at="2023-03-30T16:54:15 IST" duration-ms="0" status="PASS">
          <reporter-output>
          </reporter-output>
        </test-method> <!-- afterTest -->
      </class> <!-- com.ust.test.ThirdTest -->
      <class name="com.ust.test.SecondTest">
        <test-method is-config="true" signature="beforeTest()[pri:0, instance:com.ust.test.SecondTest@3ba9ad43]" started-at="2023-03-30T16:54:15 IST" name="beforeTest" finished-at="2023-03-30T16:54:15 IST" duration-ms="0" status="PASS">
          <reporter-output>
          </reporter-output>
        </test-method> <!-- beforeTest -->
        <test-method signature="f()[pri:0, instance:com.ust.test.SecondTest@3ba9ad43]" started-at="2023-03-30T16:54:15 IST" name="f" finished-at="2023-03-30T16:54:15 IST" duration-ms="2" status="PASS">
          <reporter-output>
          </reporter-output>
        </test-method> <!-- f -->
        <test-method is-config="true" signature="afterTest()[pri:0, instance:com.ust.test.SecondTest@3ba9ad43]" started-at="2023-03-30T16:54:15 IST" name="afterTest" finished-at="2023-03-30T16:54:15 IST" duration-ms="2" status="PASS">
          <reporter-output>
          </reporter-output>
        </test-method> <!-- afterTest -->
      </class> <!-- com.ust.test.SecondTest -->
      <class name="com.ust.test.FirstTest">
        <test-method is-config="true" signature="beforeTest()[pri:0, instance:com.ust.test.FirstTest@76908cc0]" started-at="2023-03-30T16:54:15 IST" name="beforeTest" finished-at="2023-03-30T16:54:15 IST" duration-ms="10" status="PASS">
          <reporter-output>
          </reporter-output>
        </test-method> <!-- beforeTest -->
        <test-method signature="f()[pri:0, instance:com.ust.test.FirstTest@76908cc0]" started-at="2023-03-30T16:54:15 IST" name="f" finished-at="2023-03-30T16:54:15 IST" duration-ms="8" status="PASS">
          <reporter-output>
          </reporter-output>
        </test-method> <!-- f -->
        <test-method is-config="true" signature="afterTest()[pri:0, instance:com.ust.test.FirstTest@76908cc0]" started-at="2023-03-30T16:54:15 IST" name="afterTest" finished-at="2023-03-30T16:54:15 IST" duration-ms="2" status="PASS">
          <reporter-output>
          </reporter-output>
        </test-method> <!-- afterTest -->
      </class> <!-- com.ust.test.FirstTest -->
    </test> <!-- suite_example -->
  </suite> <!-- mytestsuite -->
</testng-results>
